<?xml version="1.0" encoding="UTF-8"?>
<!-- Generated by org.testng.reporters.JUnitXMLReporter -->
<testsuite hostname="NH-INNOVATION" ignored="0" name="Test" tests="3" failures="0" timestamp="15 May 2019 02:33:52 GMT" time="32.749" errors="0">
  <testcase name="homeURL" time="11.055" classname="FrameworkScratch.LoginTest"/>
  <testcase name="homeURL" time="7.776" classname="FrameworkScratch.LoginTest"/>
  <testcase name="homeURL" time="0.067" classname="FrameworkScratch.ValidateTitle"/>
</testsuite> <!-- Test -->
