<?xml version="1.0" encoding="UTF-8"?>
<!-- Generated by org.testng.reporters.JUnitXMLReporter -->
<testsuite hostname="NH-INNOVATION" ignored="0" name="Test" tests="3" failures="0" timestamp="04 May 2019 03:23:24 GMT" time="34.837" errors="0">
  <testcase name="homeURL" time="12.446" classname="FrameworkScratch.LoginTest"/>
  <testcase name="homeURL" time="8.166" classname="FrameworkScratch.LoginTest"/>
  <testcase name="homeURL" time="0.089" classname="FrameworkScratch.ValidateTitle"/>
</testsuite> <!-- Test -->
